<?xml version="1.0" encoding="UTF-8"?>
<!-- Generated by org.testng.reporters.JUnitReportReporter -->
<testsuite hostname="dell" name="baseclass.testng" tests="1" failures="0" timestamp="30 May 2019 12:02:32 GMT" time="5.016" errors="0">
  <testcase name="Weblauch" time="5.016" classname="baseclass.testng"/>
</testsuite> <!-- baseclass.testng -->
